<?xml version="1.0" encoding="UTF-8"?>
<testng-results ignored="0" total="1" passed="1" failed="0" skipped="0">
  <reporter-output>
  </reporter-output>
  <suite started-at="2026-05-11T21:14:16 IST" name="Surefire suite" finished-at="2026-05-11T21:14:16 IST" duration-ms="66">
    <groups>
    </groups>
    <test started-at="2026-05-11T21:14:16 IST" name="Surefire test" finished-at="2026-05-11T21:14:16 IST" duration-ms="66">
      <class name="mar2026.jenkins_practice_gsitdec25.LoginTest">
        <test-method signature="hello()[pri:0, instance:mar2026.jenkins_practice_gsitdec25.LoginTest@79ad8b2f]" started-at="2026-05-11T21:14:16 IST" name="hello" finished-at="2026-05-11T21:14:16 IST" duration-ms="9" status="PASS">
          <reporter-output>
          </reporter-output>
        </test-method> <!-- hello -->
      </class> <!-- mar2026.jenkins_practice_gsitdec25.LoginTest -->
    </test> <!-- Surefire test -->
  </suite> <!-- Surefire suite -->
</testng-results>
