<?xml version="1.0" encoding="UTF-8"?>
<testng-results ignored="0" total="1" passed="1" failed="0" skipped="0">
  <reporter-output>
  </reporter-output>
  <suite started-at="2026-05-08T22:05:53 IST" name="Default suite" finished-at="2026-05-08T22:05:53 IST" duration-ms="93">
    <groups>
    </groups>
    <test started-at="2026-05-08T22:05:53 IST" name="Default test" finished-at="2026-05-08T22:05:53 IST" duration-ms="93">
      <class name="mar2026.jenkins_practice_gsitdec25.LoginTest">
        <test-method signature="hello()[pri:0, instance:mar2026.jenkins_practice_gsitdec25.LoginTest@6d763516]" started-at="2026-05-08T22:05:53 IST" name="hello" finished-at="2026-05-08T22:05:53 IST" duration-ms="15" status="PASS">
          <reporter-output>
          </reporter-output>
        </test-method> <!-- hello -->
      </class> <!-- mar2026.jenkins_practice_gsitdec25.LoginTest -->
    </test> <!-- Default test -->
  </suite> <!-- Default suite -->
</testng-results>
